SF:lib/create_expense/bloc/create_expense_bloc.dart
DA:19,1
DA:20,1
DA:21,2
DA:22,1
DA:26,1
DA:28,2
DA:29,3
DA:31,3
DA:34,1
DA:35,1
DA:36,2
DA:39,1
DA:40,3
DA:41,3
DA:42,1
DA:43,1
DA:44,3
DA:47,1
DA:50,1
DA:51,2
DA:52,2
DA:53,2
DA:57,1
DA:61,3
DA:65,3
DA:66,3
DA:68,3
DA:74,1
DA:78,3
DA:79,3
DA:83,3
DA:84,3
DA:88,3
DA:89,3
DA:91,3
DA:97,1
DA:98,2
LF:37
LH:37
end_of_record
SF:lib/create_expense/model/view_model/create_expense_view_model.dart
DA:12,1
DA:18,1
DA:20,5
LF:3
LH:3
end_of_record
SF:lib/shared/database_helper.dart
DA:18,0
DA:19,0
DA:22,0
DA:24,0
DA:26,0
DA:30,0
DA:31,0
DA:32,0
DA:34,0
DA:37,0
DA:38,0
DA:39,0
DA:40,0
DA:41,0
DA:44,0
DA:46,0
DA:47,0
DA:53,0
DA:54,0
DA:56,0
DA:58,0
DA:59,0
DA:63,0
DA:64,0
DA:65,0
DA:66,0
DA:70,0
DA:71,0
DA:72,0
DA:74,0
DA:75,0
DA:81,0
DA:82,0
DA:83,0
DA:95,0
DA:96,0
DA:97,0
DA:101,0
DA:103,0
DA:104,0
DA:113,0
DA:114,0
DA:116,0
DA:117,0
DA:118,0
DA:122,0
DA:123,0
DA:124,0
DA:126,0
DA:127,0
DA:131,0
DA:132,0
DA:133,0
DA:134,0
DA:138,0
DA:139,0
DA:140,0
DA:141,0
LF:58
LH:0
end_of_record
SF:lib/create_expense/model/entity/create_expense_entity.dart
DA:11,1
DA:16,1
DA:20,1
DA:21,1
DA:22,1
DA:23,1
DA:26,1
DA:27,4
LF:8
LH:8
end_of_record
SF:lib/shared/model/db_model/expense_category_dto.dart
DA:7,1
DA:10,0
DA:11,0
DA:12,0
DA:13,0
DA:17,0
DA:18,0
DA:19,0
DA:23,0
DA:24,0
LF:10
LH:1
end_of_record
SF:lib/shared/model/db_model/expense_dto.dart
DA:11,2
DA:20,1
DA:31,0
DA:32,0
DA:33,0
DA:34,0
DA:35,0
DA:36,0
DA:37,0
DA:38,0
DA:42,0
DA:43,0
DA:44,0
DA:45,0
DA:46,0
DA:47,0
DA:48,0
DA:52,1
DA:59,1
DA:60,1
DA:61,1
DA:62,1
DA:63,1
DA:64,1
DA:65,1
DA:69,0
DA:70,0
DA:71,0
DA:72,0
DA:73,0
DA:74,0
DA:75,0
DA:76,0
LF:33
LH:10
end_of_record
